
0.004 0.0 0.0 67
0.156 0.083 0.053 68
0.275 0.175 0.114 70
0.398 0.261 0.172 73
0.517 0.347 0.228 75
0.635 0.439 0.292 77
0.763 0.533 0.356 80
0.919 0.639 0.425 83
1.045 0.736 0.489 86
1.188 0.836 0.553 88
1.308 0.922 0.608 91
1.426 1.008 0.667 93
1.55 1.097 0.733 96
1.69 1.2 0.797 98
1.812 1.289 0.856 100
1.934 1.378 0.914 103
2.054 1.472 0.978 105
2.19 1.567 1.039 108
2.316 1.658 1.097 110
2.435 1.753 1.164 112
2.572 1.847 1.225 115
2.696 1.933 1.283 117
2.816 2.022 1.342 119
2.935 2.108 1.403 122
3.055 2.197 1.461 124
3.176 2.286 1.519 127
3.307 2.381 1.581 129
3.429 2.472 1.642 131
3.563 2.569 1.708 134
3.69 2.658 1.767 136
3.809 2.744 1.825 138
3.935 2.833 1.883 141
4.053 2.922 1.942 143
4.175 3.008 2.003 145
4.302 3.103 2.067 148
4.433 3.197 2.128 150
4.563 3.289 2.189 152
4.68 3.375 2.244 155
4.8 3.461 2.303 157
4.919 3.547 2.361 159
5.043 3.642 2.422 162
5.169 3.731 2.481 164
5.296 3.822 2.542 167
5.415 3.911 2.6 169
5.535 3.997 2.658 172
5.658 4.086 2.717 174
5.778 4.172 2.775 177
5.896 4.261 2.833 179
6.017 4.35 2.892 182
6.139 4.436 2.947 184
6.259 4.525 3.008 186
6.378 4.611 3.067 188
6.498 4.7 3.125 191
6.618 4.789 3.181 194
6.738 4.875 3.242 196
6.857 4.958 3.297 198
6.977 5.044 3.356 200
7.097 5.133 3.414 202
7.215 5.222 3.472 205
7.334 5.306 3.528 207
7.453 5.397 3.586 210
7.575 5.483 3.644 212
7.694 5.569 3.703 215
7.812 5.656 3.761 217
7.932 5.742 3.819 219
8.05 5.831 3.878 222
8.172 5.919 3.936 225
8.293 6.006 3.994 227
8.412 6.092 4.053 229
8.533 6.181 4.111 231
8.653 6.269 4.169 234
8.773 6.356 4.225 237
8.893 6.444 4.283 239
9.013 6.531 4.342 241
9.133 6.617 4.4 243
9.253 6.706 4.458 246
9.372 6.792 4.514 249
9.492 6.881 4.572 251
9.612 6.967 4.631 253
9.732 7.056 4.686 256
9.851 7.144 4.747 259
9.973 7.231 4.803 261
10.092 7.319 4.861 263
10.213 7.408 4.922 266
10.332 7.494 4.978 268
10.45 7.581 5.036 270
10.572 7.667 5.092 273
10.692 7.753 5.15 275
10.809 7.842 5.208 277
10.929 7.928 5.267 279
11.048 8.017 5.325 282
11.172 8.103 5.383 284
11.29 8.189 5.442 286
11.409 8.275 5.497 288
11.53 8.364 5.556 291
11.648 8.453 5.614 293
11.772 8.542 5.675 295
11.892 8.628 5.733 297
12.011 8.714 5.792 299
12.132 8.8 5.847 301
12.25 8.886 5.908 303
12.375 8.978 5.967 305
12.496 9.064 6.025 308
12.616 9.15 6.081 310
12.735 9.239 6.142 312
12.854 9.328 6.2 314
12.975 9.414 6.258 316
13.096 9.503 6.314 318
13.215 9.586 6.372 320
13.333 9.675 6.431 322
13.453 9.761 6.486 325
13.572 9.847 6.544 327
13.689 9.933 6.603 330
13.81 10.022 6.658 332
13.929 10.108 6.717 334
14.048 10.197 6.778 336
14.172 10.286 6.836 339
14.292 10.372 6.892 341
14.412 10.461 6.953 343
14.532 10.547 7.008 345
14.649 10.636 7.067 348
14.773 10.725 7.125 350
14.892 10.811 7.181 353
15.01 10.9 7.242 355
15.13 10.986 7.297 358
15.25 11.075 7.356 360
15.376 11.167 7.417 362
15.495 11.25 7.472 364
15.612 11.336 7.531 366
15.732 11.422 7.589 369
15.851 11.511 7.647 371
15.972 11.597 7.703 373
16.092 11.686 7.761 375
16.21 11.772 7.819 377
16.329 11.861 7.878 380
16.449 11.947 7.936 382
16.571 12.033 7.994 383
16.692 12.122 8.053 386
16.812 12.208 8.111 388
16.93 12.294 8.167 390
17.049 12.383 8.228 393
17.173 12.469 8.286 394
17.292 12.556 8.344 396
17.412 12.644 8.403 398
17.533 12.733 8.458 400
17.653 12.822 8.517 403
17.772 12.911 8.575 405
17.892 12.997 8.633 407
18.012 13.086 8.689 409
18.13 13.172 8.747 412
18.248 13.261 8.806 414
18.372 13.347 8.864 416
18.492 13.436 8.922 419
18.612 13.522 8.978 421
18.729 13.608 9.036 423
18.848 13.697 9.094 426
18.973 13.786 9.153 428
19.092 13.875 9.214 430
19.21 13.961 9.269 433
19.329 14.047 9.325 436
19.448 14.136 9.386 438
19.572 14.225 9.444 440
19.692 14.314 9.503 443
19.81 14.4 9.558 445
19.932 14.486 9.617 447
20.049 14.575 9.675 450
20.172 14.661 9.733 452
20.292 14.75 9.792 454
20.412 14.839 9.85 457
20.533 14.928 9.908 459
20.653 15.011 9.967 461
20.773 15.1 10.025 464
20.892 15.189 10.083 466
21.013 15.275 10.142 469
21.13 15.361 10.2 471
21.25 15.45 10.258 473
21.372 15.536 10.314 475
21.49 15.625 10.372 478
21.609 15.711 10.431 480
21.729 15.797 10.486 483
21.847 15.889 10.547 485
21.972 15.975 10.606 487
22.091 16.061 10.664 489
22.21 16.15 10.722 492
22.329 16.236 10.781 494
22.447 16.325 10.839 496
22.572 16.414 10.897 499
22.692 16.5 10.953 501
22.812 16.589 11.014 503
22.932 16.678 11.072 505
23.05 16.764 11.131 508
23.173 16.853 11.189 510
23.292 16.939 11.247 512
23.41 17.025 11.306 514
23.532 17.114 11.364 517
23.649 17.2 11.419 519
23.772 17.292 11.481 522
23.892 17.378 11.536 524
24.01 17.464 11.594 526
24.13 17.55 11.653 528
24.249 17.639 11.711 530
24.372 17.725 11.769 533
24.492 17.814 11.828 535
24.612 17.903 11.886 538
24.73 17.989 11.942 540
24.849 18.078 12.003 542
24.972 18.164 12.061 544
25.092 18.25 12.119 547
25.21 18.339 12.178 549
25.332 18.425 12.236 552
25.452 18.517 12.294 554
25.573 18.6 12.35 556
25.693 18.689 12.408 558
25.812 18.775 12.467 561
25.929 18.861 12.525 563
26.049 18.95 12.586 566
26.173 19.039 12.642 568
26.292 19.125 12.7 571
26.413 19.214 12.758 573
26.532 19.3 12.817 575
26.651 19.389 12.875 577
26.773 19.475 12.933 579
26.891 19.561 12.992 582
27.01 19.65 13.05 584
27.129 19.736 13.108 586
27.249 19.825 13.167 589
27.373 19.911 13.225 591
27.492 19.997 13.281 594
27.61 20.083 13.342 596
27.729 20.172 13.4 598
27.848 20.261 13.458 601
27.972 20.35 13.514 603
28.092 20.436 13.572 605
28.209 20.522 13.631 608
28.329 20.611 13.689 610
28.448 20.697 13.747 613
28.572 20.789 13.806 615
28.692 20.878 13.864 618
28.812 20.961 13.922 620
28.929 21.047 13.981 622
29.049 21.139 14.042 625
29.173 21.222 14.097 627
29.292 21.311 14.156 630
29.41 21.4 14.214 632
29.531 21.486 14.272 634
29.652 21.572 14.331 636
29.772 21.661 14.389 638
29.892 21.747 14.447 641
30.011 21.836 14.503 643
30.13 21.922 14.561 645
30.249 22.017 14.625 647
30.391 22.114 14.689 649
30.51 22.2 14.747 651
30.629 22.286 14.806 654
30.757 22.381 14.867 656
30.878 22.467 14.925 658
30.997 22.556 14.981 660
31.117 22.642 15.039 662
31.235 22.728 15.097 664
31.363 22.819 15.158 666
31.483 22.908 15.214 668
31.602 22.994 15.275 671
31.72 23.081 15.331 672
31.84 23.169 15.392 674
31.968 23.261 15.45 677
32.088 23.347 15.508 679
32.206 23.436 15.567 681
32.326 23.522 15.625 683
32.446 23.614 15.683 686
32.57 23.703 15.742 688
32.691 23.789 15.8 690
32.809 23.875 15.856 692
32.928 23.961 15.914 695
33.047 24.05 15.975 697
33.172 24.139 16.031 699
33.289 24.225 16.089 701
33.408 24.314 16.144 703
33.527 24.4 16.203 705
33.646 24.489 16.264 707
33.772 24.578 16.322 709
33.892 24.664 16.381 712
34.012 24.75 16.436 714
34.129 24.839 16.494 716
34.249 24.928 16.553 719
34.373 25.014 16.611 721
34.49 25.1 16.669 723
34.609 25.186 16.728 725
34.728 25.272 16.786 727
34.848 25.361 16.844 729
34.972 25.45 16.903 731
35.092 25.536 16.958 734
35.209 25.625 17.022 736
35.348 25.725 17.086 738
35.468 25.814 17.142 741
35.588 25.9 17.2 743
35.707 25.989 17.258 745
35.826 26.075 17.317 747
35.952 26.167 17.378 749
36.07 26.25 17.433 751
36.19 26.339 17.492 753
36.309 26.428 17.55 756
36.429 26.514 17.611 757
36.56 26.608 17.672 759
36.679 26.694 17.731 762
36.8 26.786 17.786 764
36.919 26.872 17.847 766
37.038 26.961 17.906 768
37.168 27.053 17.964 770
37.287 27.139 18.025 773
37.406 27.225 18.081 775
37.527 27.314 18.139 777
37.645 27.4 18.197 779
37.771 27.489 18.258 782
37.889 27.575 18.314 784
38.009 27.661 18.375 786
38.128 27.747 18.431 789
38.247 27.836 18.492 791
38.373 27.925 18.55 793
38.492 28.014 18.608 795
38.61 28.103 18.667 798
38.732 28.189 18.725 800
38.85 28.278 18.781 803
38.972 28.367 18.839 806
39.09 28.453 18.897 808
39.209 28.536 18.95 810
